<?xml version="1.0" encoding="UTF-8"?>
<!-- Generated by org.testng.reporters.JUnitReportReporter -->
<testsuite hostname="INMUVADP016647" failures="0" tests="1" name="Runner.TestApplication" time="89.312" errors="1" timestamp="2022-12-15T10:22:00 IST" skipped="0">
  <testcase classname="Runner.TestApplication" name="runScenario" time="89.312">
    <error message="Keys to send should be a not null CharSequence" type="java.lang.IllegalArgumentException">
      <![CDATA[java.lang.IllegalArgumentException: Keys to send should be a not null CharSequence
at org.openqa.selenium.remote.RemoteWebElement.sendKeys(RemoteWebElement.java:92)
at java.base/jdk.internal.reflect.NativeMethodAccessorImpl.invoke0(Native Method)
at java.base/jdk.internal.reflect.NativeMethodAccessorImpl.invoke(NativeMethodAccessorImpl.java:77)
at java.base/jdk.internal.reflect.DelegatingMethodAccessorImpl.invoke(DelegatingMethodAccessorImpl.java:43)
at java.base/java.lang.reflect.Method.invoke(Method.java:568)
at org.openqa.selenium.support.pagefactory.internal.LocatingElementHandler.invoke(LocatingElementHandler.java:52)
at jdk.proxy2/jdk.proxy2.$Proxy46.sendKeys(Unknown Source)
at stepdefinitions.FixedAsset_Reports.fill_amendment_report_details(FixedAsset_Reports.java:517)
at âœ½.fill Amendment Report details(file:///C:/Users/inindc00073/git/AzentioAutomationFramework__KamalapriyaKUBS/AzentioAutomationFramework_ExcelKUBSAnandh1/src/test/java/features/FixedAssetReports.feature:139)
]]>
    </error>
  </testcase> <!-- runScenario -->
  <system-out/>
</testsuite> <!-- Runner.TestApplication -->
