<?xml version="1.0" encoding="UTF-8"?>
<!-- Generated by org.testng.reporters.JUnitReportReporter -->
<testsuite hostname="DESKTOP-PSK9T3U" failures="0" tests="1" name="Runner.TestApplication" time="51.517" errors="1" timestamp="2023-01-20T10:17:25 IST" skipped="0">
  <testcase classname="Runner.TestApplication" name="runScenario" time="51.517">
    <error message="element click intercepted: Element &lt;ion-button _ngcontent-dhw-c765=&quot;&quot; color=&quot;primary&quot; fill=&quot;outline&quot; class=&quot;form-cmnbtn ion-color ion-color-primary md button button-outline ion-activatable ion-focusable hydrated button-disabled&quot; ng-reflect-color=&quot;primary&quot; ng-reflect-fill=&quot;outline&quot; ng-reflect-disabled=&quot;true&quot; aria-disabled=&quot;true&quot; disabled=&quot;&quot;&gt;...&lt;/ion-button&gt; is not clickable at point (1426, 176). Other element would receive the click: &lt;ion-col _ngcontent-dhw-c765=&quot;&quot; size-lg=&quot;4&quot; size-md=&quot;4&quot; size-sm=&quot;4&quot; size=&quot;12&quot; ng-reflect-size=&quot;12&quot; class=&quot;md hydrated&quot; style=&quot;flex: 0 0 calc(calc(4 / var(--ion-grid-columns, 12)) * 100%); width: calc(calc(4 / var(--ion-grid-columns, 12)) * 100%); max-width: calc(calc(4 / var(--ion-grid-columns, 12)) * 100%);&quot;&gt;...&lt;/ion-col&gt;
  (Session info: chrome=108.0.5359.126)
Build info: version: &#039;4.0.0-rc-1&#039;, revision: &#039;bc5511cbda&#039;
System info: host: &#039;DESKTOP-PSK9T3U&#039;, ip: &#039;10.200.4.126&#039;, os.name: &#039;Windows 10&#039;, os.arch: &#039;amd64&#039;, os.version: &#039;10.0&#039;, java.version: &#039;19.0.1&#039;
Driver info: org.openqa.selenium.chrome.ChromeDriver
Command: [cc0559b3002a854c8fd2eb9583d537d7, clickElement {id=d1dbb92c-ac12-4ab0-8d94-a187780580e3}]
Capabilities {acceptInsecureCerts: false, browserName: chrome, browserVersion: 108.0.5359.126, chrome: {chromedriverVersion: 108.0.5359.71 (1e0e3868ee06..., userDataDir: C:\Users\ININDC~1\AppData\L...}, goog:chromeOptions: {debuggerAddress: localhost:51076}, javascriptEnabled: true, networkConnectionEnabled: false, pageLoadStrategy: normal, platform: WINDOWS, platformName: WINDOWS, proxy: Proxy(), se:cdp: ws://localhost:51076/devtoo..., se:cdpVersion: 108.0.5359.126, setWindowRect: true, strictFileInteractability: false, timeouts: {implicit: 0, pageLoad: 300000, script: 30000}, unhandledPromptBehavior: dismiss and notify, webauthn:extension:credBlob: true, webauthn:extension:largeBlob: true, webauthn:virtualAuthenticators: true}
Element: [[ChromeDriver: chrome on WINDOWS (cc0559b3002a854c8fd2eb9583d537d7)] -&gt; xpath: //ion-col/ion-button]
Session ID: cc0559b3002a854c8fd2eb9583d537d7" type="org.openqa.selenium.ElementClickInterceptedException">
      <![CDATA[org.openqa.selenium.ElementClickInterceptedException: element click intercepted: Element <ion-button _ngcontent-dhw-c765="" color="primary" fill="outline" class="form-cmnbtn ion-color ion-color-primary md button button-outline ion-activatable ion-focusable hydrated button-disabled" ng-reflect-color="primary" ng-reflect-fill="outline" ng-reflect-disabled="true" aria-disabled="true" disabled="">...</ion-button> is not clickable at point (1426, 176). Other element would receive the click: <ion-col _ngcontent-dhw-c765="" size-lg="4" size-md="4" size-sm="4" size="12" ng-reflect-size="12" class="md hydrated" style="flex: 0 0 calc(calc(4 / var(--ion-grid-columns, 12)) * 100%); width: calc(calc(4 / var(--ion-grid-columns, 12)) * 100%); max-width: calc(calc(4 / var(--ion-grid-columns, 12)) * 100%);">...</ion-col>
  (Session info: chrome=108.0.5359.126)
Build info: version: '4.0.0-rc-1', revision: 'bc5511cbda'
System info: host: 'DESKTOP-PSK9T3U', ip: '10.200.4.126', os.name: 'Windows 10', os.arch: 'amd64', os.version: '10.0', java.version: '19.0.1'
Driver info: org.openqa.selenium.chrome.ChromeDriver
Command: [cc0559b3002a854c8fd2eb9583d537d7, clickElement {id=d1dbb92c-ac12-4ab0-8d94-a187780580e3}]
Capabilities {acceptInsecureCerts: false, browserName: chrome, browserVersion: 108.0.5359.126, chrome: {chromedriverVersion: 108.0.5359.71 (1e0e3868ee06..., userDataDir: C:\Users\ININDC~1\AppData\L...}, goog:chromeOptions: {debuggerAddress: localhost:51076}, javascriptEnabled: true, networkConnectionEnabled: false, pageLoadStrategy: normal, platform: WINDOWS, platformName: WINDOWS, proxy: Proxy(), se:cdp: ws://localhost:51076/devtoo..., se:cdpVersion: 108.0.5359.126, setWindowRect: true, strictFileInteractability: false, timeouts: {implicit: 0, pageLoad: 300000, script: 30000}, unhandledPromptBehavior: dismiss and notify, webauthn:extension:credBlob: true, webauthn:extension:largeBlob: true, webauthn:virtualAuthenticators: true}
Element: [[ChromeDriver: chrome on WINDOWS (cc0559b3002a854c8fd2eb9583d537d7)] -> xpath: //ion-col/ion-button]
Session ID: cc0559b3002a854c8fd2eb9583d537d7
at java.base/jdk.internal.reflect.DirectConstructorHandleAccessor.newInstance(DirectConstructorHandleAccessor.java:67)
at java.base/java.lang.reflect.Constructor.newInstanceWithCaller(Constructor.java:500)
at java.base/java.lang.reflect.Constructor.newInstance(Constructor.java:484)
at org.openqa.selenium.remote.codec.w3c.W3CHttpResponseCodec.createException(W3CHttpResponseCodec.java:200)
at org.openqa.selenium.remote.codec.w3c.W3CHttpResponseCodec.decode(W3CHttpResponseCodec.java:133)
at org.openqa.selenium.remote.codec.w3c.W3CHttpResponseCodec.decode(W3CHttpResponseCodec.java:53)
at org.openqa.selenium.remote.HttpCommandExecutor.execute(HttpCommandExecutor.java:184)
at org.openqa.selenium.remote.service.DriverCommandExecutor.invokeExecute(DriverCommandExecutor.java:164)
at org.openqa.selenium.remote.service.DriverCommandExecutor.execute(DriverCommandExecutor.java:139)
at org.openqa.selenium.remote.RemoteWebDriver.execute(RemoteWebDriver.java:547)
at org.openqa.selenium.remote.RemoteWebElement.execute(RemoteWebElement.java:251)
at org.openqa.selenium.remote.RemoteWebElement.click(RemoteWebElement.java:77)
at java.base/jdk.internal.reflect.DirectMethodHandleAccessor.invoke(DirectMethodHandleAccessor.java:104)
at java.base/java.lang.reflect.Method.invoke(Method.java:578)
at org.openqa.selenium.support.pagefactory.internal.LocatingElementHandler.invoke(LocatingElementHandler.java:52)
at jdk.proxy2/jdk.proxy2.$Proxy46.click(Unknown Source)
at stepdefinitions.JobScheduler_JobExecution.click_on_start_job(JobScheduler_JobExecution.java:234)
at âœ½.Click on start job(file:///D:/Kamala/AzentioAutomationFramework_ExcelKUBS_Kamalapriya4_Updated/src/test/java/features/PettyCash_UAT.feature:370)
]]>
    </error>
  </testcase> <!-- runScenario -->
  <system-out/>
</testsuite> <!-- Runner.TestApplication -->
