<?xml version="1.0" encoding="UTF-8"?>
<testng-results ignored="0" total="1" passed="0" failed="1" skipped="0">
  <reporter-output>
  </reporter-output>
  <suite started-at="2022-04-01T13:24:30 IST" name="Default suite" finished-at="2022-04-01T13:25:05 IST" duration-ms="35008">
    <groups>
      <group name="cucumber">
        <method signature="AbstractTestNGCucumberTests.runScenario(io.cucumber.testng.PickleWrapper,io.cucumber.testng.FeatureWrapper)[pri:0, instance:Runner.TestApplication@35dab4eb]" name="runScenario" class="io.cucumber.testng.AbstractTestNGCucumberTests"/>
      </group> <!-- cucumber -->
    </groups>
    <test started-at="2022-04-01T13:24:30 IST" name="Default test" finished-at="2022-04-01T13:25:05 IST" duration-ms="35008">
      <class name="Runner.TestApplication">
        <test-method is-config="true" signature="beforeExecution()[pri:0, instance:Runner.TestApplication@35dab4eb]" started-at="2022-04-01T13:24:30 IST" name="beforeExecution" finished-at="2022-04-01T13:24:30 IST" duration-ms="7" status="PASS">
          <reporter-output>
          </reporter-output>
        </test-method> <!-- beforeExecution -->
        <test-method is-config="true" signature="setUpClass()[pri:0, instance:Runner.TestApplication@35dab4eb]" started-at="2022-04-01T13:24:30 IST" name="setUpClass" finished-at="2022-04-01T13:24:33 IST" duration-ms="2750" status="PASS">
          <reporter-output>
          </reporter-output>
        </test-method> <!-- setUpClass -->
        <test-method signature="runScenario(io.cucumber.testng.PickleWrapper,io.cucumber.testng.FeatureWrapper)[pri:0, instance:Runner.TestApplication@35dab4eb]" started-at="2022-04-01T13:24:33 IST" name="runScenario" description="Runs Cucumber Scenarios" data-provider="scenarios" finished-at="2022-04-01T13:25:00 IST" duration-ms="27706" status="FAIL">
          <params>
            <param index="0">
              <value>
                <![CDATA["WriteOff an asset if it is not usable"]]>
              </value>
            </param>
            <param index="1">
              <value>
                <![CDATA["Optional[To check the asset impairement module in fixed asset module]"]]>
              </value>
            </param>
          </params>
          <exception class="java.lang.AssertionError">
            <message>
              <![CDATA[Yearly Asset is not expired]]>
            </message>
            <full-stacktrace>
              <![CDATA[java.lang.AssertionError: Yearly Asset is not expired
at org.junit.Assert.fail(Assert.java:88)
at stepdefinitions.FIXEDASSET_AssetImpairement.check_if_the_asset_life_is_exhausted(FIXEDASSET_AssetImpairement.java:182)
at âœ½.check if the asset life is exhausted(file:///C:/Users/inindc00076/git/AzentioAutomationFrameworkMasterNew/AzentioAutomationFramework/src/test/java/features/FIXEDASSET_AssetImpairement.feature:417)
]]>
            </full-stacktrace>
          </exception> <!-- java.lang.AssertionError -->
          <reporter-output>
          </reporter-output>
        </test-method> <!-- runScenario -->
        <test-method is-config="true" signature="tearDownClass()[pri:0, instance:Runner.TestApplication@35dab4eb]" started-at="2022-04-01T13:25:00 IST" name="tearDownClass" finished-at="2022-04-01T13:25:05 IST" duration-ms="4498" status="PASS">
          <reporter-output>
          </reporter-output>
        </test-method> <!-- tearDownClass -->
        <test-method is-config="true" signature="afterExecution()[pri:0, instance:Runner.TestApplication@35dab4eb]" started-at="2022-04-01T13:25:05 IST" name="afterExecution" finished-at="2022-04-01T13:25:05 IST" duration-ms="194" status="PASS">
          <reporter-output>
          </reporter-output>
        </test-method> <!-- afterExecution -->
      </class> <!-- Runner.TestApplication -->
    </test> <!-- Default test -->
  </suite> <!-- Default suite -->
</testng-results>
